<?xml version="1.0" encoding="UTF-8"?>
<!-- Generated by org.testng.reporters.JUnitReportReporter -->
<testsuite hostname="VIGNESHRAJIV" failures="0" tests="1" name="task.CaptureRedmiTest" time="25.933" errors="0" timestamp="2022-09-20T12:32:44 IST" skipped="0">
  <testcase classname="task.CaptureRedmiTest" name="captureRedmiTask" time="25.933"/>
  <system-out/>
</testsuite> <!-- task.CaptureRedmiTest -->
