<?xml version="1.0" encoding="UTF-8"?>
<!-- Generated by org.testng.reporters.JUnitReportReporter -->
<testsuite hostname="VIGNESHRAJIV" failures="0" tests="1" name="task.AddToCartTest" time="105.932" errors="0" timestamp="2022-09-20T12:31:21 IST" skipped="0">
  <testcase classname="task.AddToCartTest" name="addToCartTask" time="105.932"/>
  <system-out/>
</testsuite> <!-- task.AddToCartTest -->
